Determining if the pthread_create exist failed with the following output:
Change Dir: /user/0/lisackq/Desktop/SEPC/TP couplage memoire/build/CMakeFiles/CMakeTmp

Run Build Command:/usr/bin/gmake "cmTryCompileExec1325501474/fast"
/usr/bin/gmake -f CMakeFiles/cmTryCompileExec1325501474.dir/build.make CMakeFiles/cmTryCompileExec1325501474.dir/build
gmake[1]: Entering directory `/user/0/.base/lisackq/home/Desktop/SEPC/TP couplage memoire/build/CMakeFiles/CMakeTmp'
/usr/bin/cmake -E cmake_progress_report "/user/0/lisackq/Desktop/SEPC/TP couplage memoire/build/CMakeFiles/CMakeTmp/CMakeFiles" 1
Building C object CMakeFiles/cmTryCompileExec1325501474.dir/CheckSymbolExists.c.o
/usr/bin/cc    -o CMakeFiles/cmTryCompileExec1325501474.dir/CheckSymbolExists.c.o   -c "/user/0/lisackq/Desktop/SEPC/TP couplage memoire/build/CMakeFiles/CMakeTmp/CheckSymbolExists.c"
Linking C executable cmTryCompileExec1325501474
/usr/bin/cmake -E cmake_link_script CMakeFiles/cmTryCompileExec1325501474.dir/link.txt --verbose=1
/usr/bin/cc         CMakeFiles/cmTryCompileExec1325501474.dir/CheckSymbolExists.c.o  -o cmTryCompileExec1325501474 -rdynamic 
CMakeFiles/cmTryCompileExec1325501474.dir/CheckSymbolExists.c.o: In function `main':
CheckSymbolExists.c:(.text+0x16): undefined reference to `pthread_create'
collect2: error: ld returned 1 exit status
gmake[1]: *** [cmTryCompileExec1325501474] Error 1
gmake[1]: Leaving directory `/user/0/.base/lisackq/home/Desktop/SEPC/TP couplage memoire/build/CMakeFiles/CMakeTmp'
gmake: *** [cmTryCompileExec1325501474/fast] Error 2

File /user/0/lisackq/Desktop/SEPC/TP couplage memoire/build/CMakeFiles/CMakeTmp/CheckSymbolExists.c:
/* */
#include <pthread.h>

int main(int argc, char** argv)
{
  (void)argv;
#ifndef pthread_create
  return ((int*)(&pthread_create))[argc];
#else
  (void)argc;
  return 0;
#endif
}

Determining if the function pthread_create exists in the pthreads failed with the following output:
Change Dir: /user/0/lisackq/Desktop/SEPC/TP couplage memoire/build/CMakeFiles/CMakeTmp

Run Build Command:/usr/bin/gmake "cmTryCompileExec2994300425/fast"
/usr/bin/gmake -f CMakeFiles/cmTryCompileExec2994300425.dir/build.make CMakeFiles/cmTryCompileExec2994300425.dir/build
gmake[1]: Entering directory `/user/0/.base/lisackq/home/Desktop/SEPC/TP couplage memoire/build/CMakeFiles/CMakeTmp'
/usr/bin/cmake -E cmake_progress_report "/user/0/lisackq/Desktop/SEPC/TP couplage memoire/build/CMakeFiles/CMakeTmp/CMakeFiles" 1
Building C object CMakeFiles/cmTryCompileExec2994300425.dir/CheckFunctionExists.c.o
/usr/bin/cc   -DCHECK_FUNCTION_EXISTS=pthread_create   -o CMakeFiles/cmTryCompileExec2994300425.dir/CheckFunctionExists.c.o   -c /usr/share/cmake/Modules/CheckFunctionExists.c
Linking C executable cmTryCompileExec2994300425
/usr/bin/cmake -E cmake_link_script CMakeFiles/cmTryCompileExec2994300425.dir/link.txt --verbose=1
/usr/bin/cc     -DCHECK_FUNCTION_EXISTS=pthread_create    CMakeFiles/cmTryCompileExec2994300425.dir/CheckFunctionExists.c.o  -o cmTryCompileExec2994300425 -rdynamic -lpthreads 
/usr/bin/ld: cannot find -lpthreads
collect2: error: ld returned 1 exit status
gmake[1]: *** [cmTryCompileExec2994300425] Error 1
gmake[1]: Leaving directory `/user/0/.base/lisackq/home/Desktop/SEPC/TP couplage memoire/build/CMakeFiles/CMakeTmp'
gmake: *** [cmTryCompileExec2994300425/fast] Error 2


